2026-07-04 10:15:21,699 - INFO - Job started.
2026-07-04 10:15:21,700 - INFO - Loading config from config.yaml...
2026-07-04 10:15:21,700 - INFO - Config validated. Version: v1, Window: 5, Seed: 42
2026-07-04 10:15:21,704 - INFO - Loading dataset from data.csv...
2026-07-04 10:15:21,760 - INFO - Dataset loaded successfully. Rows: 10000
2026-07-04 10:15:21,760 - INFO - Computing rolling mean and generating signals...
2026-07-04 10:15:21,765 - INFO - Calculating metrics...
2026-07-04 10:15:21,765 - INFO - Metrics written to metrics.json. Job completed successfully.
2026-07-04 10:15:43,199 - INFO - Job started.
2026-07-04 10:15:43,199 - INFO - Loading config from config.yaml...
2026-07-04 10:15:43,205 - INFO - Config validated. Version: v1, Window: 5, Seed: 42
2026-07-04 10:15:43,219 - INFO - Loading dataset from data.csv...
2026-07-04 10:15:43,243 - INFO - Dataset loaded successfully. Rows: 10000
2026-07-04 10:15:43,243 - INFO - Computing rolling mean and generating signals...
2026-07-04 10:15:43,251 - INFO - Calculating metrics...
2026-07-04 10:15:43,254 - INFO - Metrics written to metrics.json. Job completed successfully.
2026-07-04 10:16:46,432 - INFO - Job started.
2026-07-04 10:16:46,432 - INFO - Loading config from config.yaml...
2026-07-04 10:16:46,432 - INFO - Config validated. Version: v2, Window: 20, Seed: 101
2026-07-04 10:16:46,432 - INFO - Loading dataset from data.csv...
2026-07-04 10:16:46,465 - INFO - Dataset loaded successfully. Rows: 10000
2026-07-04 10:16:46,465 - INFO - Computing rolling mean and generating signals...
2026-07-04 10:16:46,467 - INFO - Calculating metrics...
2026-07-04 10:16:46,469 - INFO - Metrics written to metrics.json. Job completed successfully.
2026-07-04 10:24:14,279 - INFO - Job started.
2026-07-04 10:24:14,279 - INFO - Loading config from config.yaml...
2026-07-04 10:24:14,279 - INFO - Config validated. Version: v2, Window: 20, Seed: 101
2026-07-04 10:24:14,279 - INFO - Loading dataset from data.csv...
2026-07-04 10:24:14,320 - INFO - Dataset loaded successfully. Rows: 10000
2026-07-04 10:24:14,320 - INFO - Computing rolling mean and generating signals...
2026-07-04 10:24:14,325 - INFO - Calculating metrics...
2026-07-04 10:24:14,327 - INFO - Metrics written to metrics.json. Job completed successfully.
2026-07-04 10:25:46,866 - INFO - Job started.
2026-07-04 10:25:46,866 - INFO - Loading config from config.yaml...
2026-07-04 10:25:46,866 - INFO - Config validated. Version: v2, Window: 20, Seed: 101
2026-07-04 10:25:46,866 - INFO - Loading dataset from data.csv...
2026-07-04 10:25:46,916 - INFO - Dataset loaded successfully. Rows: 10000
2026-07-04 10:25:46,916 - INFO - Computing rolling mean and generating signals...
2026-07-04 10:25:46,923 - INFO - Calculating metrics...
2026-07-04 10:25:46,925 - INFO - Metrics written to metrics.json. Job completed successfully.
2026-07-04 10:30:11,987 - INFO - Job started.
2026-07-04 10:30:11,987 - INFO - Loading config from config.yaml...
2026-07-04 10:30:11,987 - INFO - Config validated. Version: v2, Window: 20, Seed: 101
2026-07-04 10:30:11,987 - INFO - Loading dataset from data.csv...
2026-07-04 10:30:12,018 - INFO - Dataset loaded successfully. Rows: 10000
2026-07-04 10:30:12,018 - INFO - Computing rolling mean and generating signals...
2026-07-04 10:30:12,019 - INFO - Calculating metrics...
2026-07-04 10:30:12,019 - INFO - Metrics written to metrics.json. Job completed successfully.
2026-07-04 10:33:28,865 - INFO - Job started.
2026-07-04 10:33:28,865 - INFO - Loading config from config.yaml...
2026-07-04 10:33:28,867 - INFO - Config validated. Version: v2, Window: 20, Seed: 101
2026-07-04 10:33:28,867 - INFO - Loading dataset from .\error_datasets\empty.csv...
2026-07-04 10:33:28,868 - ERROR - Job failed with error: Input CSV is empty.
2026-07-04 10:34:18,338 - INFO - Job started.
2026-07-04 10:34:18,338 - INFO - Loading config from config.yaml...
2026-07-04 10:34:18,343 - INFO - Config validated. Version: v2, Window: 20, Seed: 101
2026-07-04 10:34:18,343 - INFO - Loading dataset from .\error_datasets\missing_close.csv...
2026-07-04 10:34:18,343 - ERROR - Job failed with error: Missing required column: 'close'
2026-07-04 10:34:36,242 - INFO - Job started.
2026-07-04 10:34:36,242 - INFO - Loading config from config.yaml...
2026-07-04 10:34:36,242 - INFO - Config validated. Version: v2, Window: 20, Seed: 101
2026-07-04 10:34:36,242 - INFO - Loading dataset from .\error_datasets\corrupted.csv...
2026-07-04 10:34:36,270 - ERROR - Job failed with error: Column 'close' contains no readable numeric data.
2026-07-04 10:34:49,122 - INFO - Job started.
2026-07-04 10:34:49,122 - INFO - Loading config from config.yaml...
2026-07-04 10:34:49,125 - INFO - Config validated. Version: v2, Window: 20, Seed: 101
2026-07-04 10:34:49,125 - INFO - Loading dataset from .\data.csv...
2026-07-04 10:34:49,149 - INFO - Dataset loaded successfully. Rows: 10000
2026-07-04 10:34:49,149 - INFO - Computing rolling mean and generating signals...
2026-07-04 10:34:49,154 - INFO - Calculating metrics...
2026-07-04 10:34:49,156 - INFO - Metrics written to metrics.json. Job completed successfully.
